2025-09-28 22:55:19,491 [INFO] __main__: Performance Test Suite initialized
2025-09-28 22:55:19,491 [INFO] __main__: ================================================================================
2025-09-28 22:55:19,491 [INFO] __main__: COMPREHENSIVE PERFORMANCE TEST SUITE
2025-09-28 22:55:19,491 [INFO] __main__: Quantitative Trading System Performance Assessment
2025-09-28 22:55:19,491 [INFO] __main__: ================================================================================
2025-09-28 22:55:19,491 [INFO] __main__: Establishing system baseline...
2025-09-28 22:55:20,498 [INFO] __main__: System baseline established:
2025-09-28 22:55:20,498 [INFO] __main__:   CPU cores: 28
2025-09-28 22:55:20,498 [INFO] __main__:   Total memory: 63.7 GB
2025-09-28 22:55:20,498 [INFO] __main__:   Available memory: 46.7 GB
2025-09-28 22:55:20,498 [INFO] __main__:   CPU usage: 16.2%
2025-09-28 22:55:20,498 [INFO] __main__:   Memory usage: 26.7%
2025-09-28 22:55:20,498 [INFO] __main__: 
[1/6] Running startup performance...
2025-09-28 22:55:20,498 [INFO] __main__: Testing startup performance...
2025-09-28 22:55:20,603 [ERROR] __main__: Startup performance test failed: Stats.print_stats() got an unexpected keyword argument 'stream'
2025-09-28 22:55:20,604 [INFO] __main__: 
[2/6] Running <lambda>...
2025-09-28 22:55:20,604 [INFO] __main__: Testing data processing performance for 4000 stocks...
2025-09-28 22:55:34,480 [INFO] __main__: Processed 1000/4000 stocks
2025-09-28 22:55:44,102 [INFO] __main__: Processed 2000/4000 stocks
2025-09-28 22:55:53,856 [INFO] __main__: Processed 3000/4000 stocks
2025-09-28 22:56:03,556 [INFO] __main__: Processed 4000/4000 stocks
2025-09-28 22:56:03,624 [ERROR] __main__: Data processing test failed: Stats.print_stats() got an unexpected keyword argument 'stream'
2025-09-28 22:56:03,649 [INFO] __main__: 
[3/6] Running multi factor analysis performance...
2025-09-28 22:56:03,649 [INFO] __main__: Testing multi-factor analysis performance...
2025-09-28 22:56:03,686 [ERROR] __main__: Multi-factor analysis test failed: Stats.print_stats() got an unexpected keyword argument 'stream'
2025-09-28 22:56:03,687 [INFO] __main__: 
[4/6] Running real time monitoring response...
2025-09-28 22:56:03,688 [INFO] __main__: Testing real-time monitoring response times...
2025-09-28 22:56:20,081 [INFO] __main__: No services detected, running simulated monitoring test
2025-09-28 22:56:20,249 [ERROR] __main__: Monitoring response test failed: Stats.print_stats() got an unexpected keyword argument 'stream'
2025-09-28 22:56:20,249 [INFO] __main__: 
[5/6] Running <lambda>...
2025-09-28 22:56:20,249 [INFO] __main__: Testing concurrent access performance with 10 users...
2025-09-28 22:56:21,882 [ERROR] __main__: Concurrent access test failed: Stats.print_stats() got an unexpected keyword argument 'stream'
2025-09-28 22:56:21,883 [INFO] __main__: 
[6/6] Running database performance...
2025-09-28 22:56:21,883 [INFO] __main__: Testing database performance...
2025-09-28 22:56:21,889 [INFO] __main__: Inserting test data...
2025-09-28 22:56:22,005 [INFO] __main__: Running query performance tests...
2025-09-28 22:56:22,010 [INFO] __main__: Testing index performance...
2025-09-28 22:56:22,023 [ERROR] __main__: Database performance test failed: Stats.print_stats() got an unexpected keyword argument 'stream'
2025-09-28 22:56:22,024 [ERROR] __main__: Performance test suite failed: Object of type datetime is not JSON serializable
